<?xml version="1.0" encoding="UTF-8"?>
<!-- Generated by org.testng.reporters.JUnitReportReporter -->
<testsuite hostname="DESKTOP-SK33D9P" failures="0" tests="19" name="runner.TestRunner" time="499.544" errors="1" timestamp="2025-09-13T12:07:48 IST" skipped="0">
  <testcase classname="runner.TestRunner" name="runScenario" time="20.781"/>
  <testcase classname="runner.TestRunner" name="runScenario" time="65.141"/>
  <testcase classname="runner.TestRunner" name="runScenario" time="45.997"/>
  <testcase classname="runner.TestRunner" name="runScenario" time="4.313"/>
  <testcase classname="runner.TestRunner" name="runScenario" time="33.407"/>
  <testcase classname="runner.TestRunner" name="runScenario" time="3.436"/>
  <testcase classname="runner.TestRunner" name="runScenario" time="12.204"/>
  <testcase classname="runner.TestRunner" name="runScenario" time="9.867"/>
  <testcase classname="runner.TestRunner" name="runScenario" time="6.704"/>
  <testcase classname="runner.TestRunner" name="runScenario" time="88.241"/>
  <testcase classname="runner.TestRunner" name="runScenario" time="38.820"/>
  <testcase classname="runner.TestRunner" name="runScenario" time="12.407"/>
  <testcase classname="runner.TestRunner" name="runScenario" time="1.787"/>
  <testcase classname="runner.TestRunner" name="runScenario" time="0.336">
    <error message="no such element: Unable to locate element: {&quot;method&quot;:&quot;xpath&quot;,&quot;selector&quot;:&quot;//a[contains(@class,&#039;Profile_icon__D5bqK&#039;)]&quot;}
  (Session info: chrome=140.0.7339.81)
For documentation on this error, please visit: https://www.selenium.dev/documentation/webdriver/troubleshooting/errors#no-such-element-exception
Build info: version: &#039;4.35.0&#039;, revision: &#039;1c58e5028b&#039;
System info: os.name: &#039;Windows 11&#039;, os.arch: &#039;amd64&#039;, os.version: &#039;10.0&#039;, java.version: &#039;21.0.6&#039;
Driver info: org.openqa.selenium.chrome.ChromeDriver
Command: [3b835c328dd1ac02dc6e0427e0b203c6, findElement {using=xpath, value=//a[contains(@class,&#039;Profile_icon__D5bqK&#039;)]}]
Capabilities {acceptInsecureCerts: false, browserName: chrome, browserVersion: 140.0.7339.81, chrome: {chromedriverVersion: 140.0.7339.82 (bc93617e21c3..., userDataDir: C:\Users\DELL\AppData\Local...}, fedcm:accounts: true, goog:chromeOptions: {debuggerAddress: localhost:56389}, networkConnectionEnabled: false, pageLoadStrategy: normal, platformName: windows, proxy: Proxy(), se:cdp: ws://localhost:56389/devtoo..., se:cdpVersion: 140.0.7339.81, setWindowRect: true, strictFileInteractability: false, timeouts: {implicit: 0, pageLoad: 300000, script: 30000}, unhandledPromptBehavior: dismiss and notify, webauthn:extension:credBlob: true, webauthn:extension:largeBlob: true, webauthn:extension:minPinLength: true, webauthn:extension:prf: true, webauthn:virtualAuthenticators: true}
Session ID: 3b835c328dd1ac02dc6e0427e0b203c6" type="org.openqa.selenium.NoSuchElementException">
      <![CDATA[org.openqa.selenium.NoSuchElementException: no such element: Unable to locate element: {"method":"xpath","selector":"//a[contains(@class,'Profile_icon__D5bqK')]"}
  (Session info: chrome=140.0.7339.81)
For documentation on this error, please visit: https://www.selenium.dev/documentation/webdriver/troubleshooting/errors#no-such-element-exception
Build info: version: '4.35.0', revision: '1c58e5028b'
System info: os.name: 'Windows 11', os.arch: 'amd64', os.version: '10.0', java.version: '21.0.6'
Driver info: org.openqa.selenium.chrome.ChromeDriver
Command: [3b835c328dd1ac02dc6e0427e0b203c6, findElement {using=xpath, value=//a[contains(@class,'Profile_icon__D5bqK')]}]
Capabilities {acceptInsecureCerts: false, browserName: chrome, browserVersion: 140.0.7339.81, chrome: {chromedriverVersion: 140.0.7339.82 (bc93617e21c3..., userDataDir: C:\Users\DELL\AppData\Local...}, fedcm:accounts: true, goog:chromeOptions: {debuggerAddress: localhost:56389}, networkConnectionEnabled: false, pageLoadStrategy: normal, platformName: windows, proxy: Proxy(), se:cdp: ws://localhost:56389/devtoo..., se:cdpVersion: 140.0.7339.81, setWindowRect: true, strictFileInteractability: false, timeouts: {implicit: 0, pageLoad: 300000, script: 30000}, unhandledPromptBehavior: dismiss and notify, webauthn:extension:credBlob: true, webauthn:extension:largeBlob: true, webauthn:extension:minPinLength: true, webauthn:extension:prf: true, webauthn:virtualAuthenticators: true}
Session ID: 3b835c328dd1ac02dc6e0427e0b203c6
at java.base/jdk.internal.reflect.DirectConstructorHandleAccessor.newInstance(DirectConstructorHandleAccessor.java:62)
at java.base/java.lang.reflect.Constructor.newInstanceWithCaller(Constructor.java:502)
at java.base/java.lang.reflect.Constructor.newInstance(Constructor.java:486)
at org.openqa.selenium.remote.ErrorCodec.decode(ErrorCodec.java:167)
at org.openqa.selenium.remote.codec.w3c.W3CHttpResponseCodec.decode(W3CHttpResponseCodec.java:138)
at org.openqa.selenium.remote.codec.w3c.W3CHttpResponseCodec.decode(W3CHttpResponseCodec.java:50)
at org.openqa.selenium.remote.HttpCommandExecutor.execute(HttpCommandExecutor.java:215)
at org.openqa.selenium.remote.service.DriverCommandExecutor.invokeExecute(DriverCommandExecutor.java:216)
at org.openqa.selenium.remote.service.DriverCommandExecutor.execute(DriverCommandExecutor.java:174)
at org.openqa.selenium.remote.RemoteWebDriver.execute(RemoteWebDriver.java:557)
at org.openqa.selenium.remote.ElementLocation$ElementFinder$2.findElement(ElementLocation.java:165)
at org.openqa.selenium.remote.ElementLocation.findElement(ElementLocation.java:59)
at org.openqa.selenium.remote.RemoteWebDriver.findElement(RemoteWebDriver.java:380)
at org.openqa.selenium.remote.RemoteWebDriver.findElement(RemoteWebDriver.java:374)
at pages.LogoutPage.clickprofileicon(LogoutPage.java:37)
at stepdefinitions.Logout_Stepdef.the_user_clicks_on_the_profile_icon(Logout_Stepdef.java:11)
at âœ½.the user clicks on the profile icon(file:///D:/CapgeminiTesting/Apollo_247_testing_app/src/test/resources/features/9_9_logout.feature:4)
]]>
    </error>
  </testcase> <!-- runScenario -->
  <testcase classname="runner.TestRunner" name="runScenario" time="84.354"/>
  <testcase classname="runner.TestRunner" name="runScenario" time="4.097"/>
  <testcase classname="runner.TestRunner" name="runScenario" time="52.783"/>
  <testcase classname="runner.TestRunner" name="runScenario" time="6.595"/>
  <testcase classname="runner.TestRunner" name="runScenario" time="8.274"/>
</testsuite> <!-- runner.TestRunner -->
